[2024-02-24 19:49:40,381] 21 root -INFO Strating Data Ingestion
[2024-02-24 19:49:40,473] 24 root -INFO Row Data Reading Complete
[2024-02-24 19:49:41,269] 30 root -INFO train test split is Complete
[2024-02-24 19:49:41,893] 34 root -INFO Data Ingestion is Completed
[2024-02-24 19:49:42,013] 81 root -INFO Read train and test data Completed
[2024-02-24 19:49:42,017] 82 root -INFO Train Dataframe Head : 
   carat  cut  color  clarity  depth  table     x     y     z  price
0   1.01    1      2        3   62.1   56.0  6.39  6.41  3.98   4078
1   1.08    1      3        5   62.7   55.0  6.53  6.59  4.09   5851
2   2.02    2      2        5   59.8   60.0  8.20  8.28  4.92  16383
3   0.32    3      4        2   63.0   56.0  4.33  4.36  2.74    477
4   0.74    4      6        3   63.4   64.0  5.76  5.71  3.63   2401
[2024-02-24 19:49:42,029] 83 root -INFO Test Dataframe Head : 
   carat  cut  color  clarity  depth  table     x     y     z  price
0   0.50    1      7        2   62.1   57.0  5.05  5.08  3.14   1355
1   2.00    3      4        3   59.5   57.0  8.08  8.15  4.89  14691
2   0.27    2      6        6   60.5   59.0  4.19  4.16  2.52    844
3   0.32    2      2        6   61.2   59.0  4.43  4.44  2.71    707
4   1.19    1      3        2   62.5   56.0  6.77  6.81  4.23   5797
[2024-02-24 19:49:42,029] 85 root -INFO obtaining Preprocessing Object
[2024-02-24 19:49:42,029] 27 root -INFO Data Transformation Initiated
[2024-02-24 19:49:42,029] 39 root -INFO Pipeline Initiated
[2024-02-24 19:49:42,029] 124 root -INFO Exception occured in the initiate_datatransformation
